\BOOKMARK [1][-]{section.1}{\376\377\133\236\232\214\166\356\166\204}{}% 1
\BOOKMARK [1][-]{section.2}{\376\377\133\236\232\214\121\205\133\271}{}% 2
\BOOKMARK [2][-]{subsection.2.1}{\376\377\165\050\000D\000D\000L\377\010\145\160\143\156\133\232\116\111\213\355\123\345\116\055\166\204\000C\000r\000e\000a\000t\000e\000\040\000d\000a\000t\000a\000b\000a\000s\000e\377\011\122\033\136\372\116\000\116\052\145\260\145\160\143\156\136\223\000F\000l\000i\000g\000h\000t\000D\000B\377\014\145\160\143\156\136\223\145\207\116\366\166\204\213\276\177\156\220\375\123\357\116\345\117\177\165\050\236\330\213\244\120\074}{section.2}% 3
\BOOKMARK [2][-]{subsection.2.2}{\376\377\165\050\000D\000D\000L\377\010\145\160\143\156\133\232\116\111\213\355\123\345\116\055\166\204\000C\000r\000e\000a\000t\000e\000\040\000T\000a\000b\000l\000e\377\011\122\033\136\372\116\011\137\040\210\150}{section.2}% 4
\BOOKMARK [3][-]{subsubsection.2.2.1}{\376\377\202\052\163\355\210\150\377\010\000h\000b\000b\377\011}{subsection.2.2}% 5
\BOOKMARK [3][-]{subsubsection.2.2.2}{\376\377\116\130\133\242\210\150\377\010\000C\000k\000b\377\011}{subsection.2.2}% 6
\BOOKMARK [3][-]{subsubsection.2.2.3}{\376\377\125\056\171\150\210\150\377\010\000s\000p\000b\377\011}{subsection.2.2}% 7
\BOOKMARK [2][-]{subsection.2.3}{\376\377\165\050\000D\000M\000L\377\010\145\160\143\156\144\315\117\134\213\355\123\345\116\055\166\204\000I\000n\000s\000e\000r\000t\377\011\143\322\121\145\145\160\143\156}{section.2}% 8
\BOOKMARK [2][-]{subsection.2.4}{\376\377\133\371\145\160\143\156\136\223\217\333\210\114\116\000\153\041\133\214\145\164\131\007\116\375\377\014\131\007\116\375\124\015\116\072\000B\000a\000c\000k\000u\000p\000F\000u\000l\000l}{section.2}% 9
\BOOKMARK [2][-]{subsection.2.5}{\376\377\165\050\000D\000M\000L\377\010\145\160\143\156\144\315\176\265\213\355\123\345\116\055\166\204\000I\000n\000s\000e\000r\000t\377\011\127\050\116\130\133\242\210\150\124\214\125\056\171\150\210\150\116\055\143\322\121\145\131\202\116\013\145\160\143\156}{section.2}% 10
\BOOKMARK [2][-]{subsection.2.6}{\376\377\133\371\145\160\143\156\136\223\217\333\210\114\116\000\153\041\135\356\137\002\131\007\116\375\377\014\131\007\116\375\124\015\116\072\000B\000a\000c\000k\000u\000p\000A\000d\000d\0001}{section.2}% 11
\BOOKMARK [2][-]{subsection.2.7}{\376\377\165\050\000D\000M\000L\377\010\145\160\143\156\144\315\176\265\213\355\123\345\116\055\166\204\000U\000p\000d\000a\000t\000e\377\011\134\006\142\100\147\011\166\356\166\204\127\060\146\057\123\027\116\254\166\204\202\052\163\355\166\204\123\237\116\367\143\320\232\330\0001\0000\000\045}{section.2}% 12
\BOOKMARK [2][-]{subsection.2.8}{\376\377\165\050\000D\000M\000L\377\010\145\160\143\156\144\315\176\265\213\355\123\345\116\055\166\204\000D\000e\000l\000e\000t\000e\377\011\134\006\040\034\137\040\230\336\040\035\116\130\133\242\122\040\226\144\377\014\154\350\141\017\124\014\145\366\122\040\226\144\125\056\171\150\213\260\137\125\124\214\116\130\133\242\127\372\147\054\117\341\140\157}{section.2}% 13
\BOOKMARK [2][-]{subsection.2.9}{\376\377\134\035\213\325\117\177\165\050\000M\000S\000\040\000S\000Q\000L\000\040\000S\000e\000r\000v\000e\000r\166\204\217\330\123\237\122\237\200\375\377\014\217\330\123\237\122\060\116\012\116\000\153\041\135\356\137\002\131\007\116\375\166\204\000B\000a\000c\000k\000u\000p\000A\000d\000d\0001\131\004}{section.2}% 14
\BOOKMARK [2][-]{subsection.2.10}{\376\377\127\050\000S\000Q\000L\000\040\000S\000e\000r\000v\000e\000r\116\055\122\033\136\372\116\000\116\052\165\050\142\067\000F\000l\000i\000g\000h\000t\000U\000s\000e\000r\377\014\213\276\177\156\000F\000l\000i\000g\000h\000t\000U\000s\000e\000r\165\050\142\067\133\371\116\011\137\040\210\150\220\375\147\011\147\345\213\342\147\103\377\014\117\106\146\057\213\345\165\050\142\067\116\015\200\375\133\371\116\130\133\242\210\150\124\214\202\052\163\355\210\150\217\333\210\114\130\236\122\240\060\001\122\040\226\144\124\214\117\356\145\071\213\260\137\125\377\014\213\345\165\050\142\067\133\371\125\056\171\150\210\150\200\375\130\236\122\240\060\001\122\040\226\144\124\214\117\356\145\071\213\260\137\125\060\002\161\066\124\016\165\050\000F\000l\000i\000g\000h\000t\000U\000s\000e\000r\166\173\226\106\000S\000Q\000L\000\040\000S\000e\000r\000v\000e\000r\377\014\133\371\131\202\116\012\147\103\226\120\213\276\177\156\217\333\210\114\232\214\213\301}{section.2}% 15
\BOOKMARK [1][-]{section.3}{\376\377\133\236\232\214\153\145\232\244\123\312\176\323\147\234}{}% 16
\BOOKMARK [2][-]{subsection.3.1}{\376\377\000D\000D\000L\122\033\136\372\145\160\143\156\136\223}{section.3}% 17
\BOOKMARK [2][-]{subsection.3.2}{\376\377\000D\000D\000L\122\033\136\372\210\150}{section.3}% 18
\BOOKMARK [3][-]{subsubsection.3.2.1}{\376\377\202\052\163\355\210\150\377\010\000h\000b\000b\377\011}{subsection.3.2}% 19
\BOOKMARK [3][-]{subsubsection.3.2.2}{\376\377\116\130\133\242\210\150\377\010\000C\000k\000b\377\011}{subsection.3.2}% 20
\BOOKMARK [3][-]{subsubsection.3.2.3}{\376\377\125\056\171\150\210\150\377\010\000s\000p\000b\377\011}{subsection.3.2}% 21
\BOOKMARK [2][-]{subsection.3.3}{\376\377\000D\000M\000L\143\322\121\145\000h\000b\000b\145\160\143\156}{section.3}% 22
\BOOKMARK [2][-]{subsection.3.4}{\376\377\133\214\145\164\131\007\116\375}{section.3}% 23
\BOOKMARK [2][-]{subsection.3.5}{\376\377\000D\000M\000L\143\322\121\145\000C\000k\000b\124\214\000s\000p\000b\145\160\143\156}{section.3}% 24
\BOOKMARK [2][-]{subsection.3.6}{\376\377\135\356\137\002\131\007\116\375}{section.3}% 25
\BOOKMARK [2][-]{subsection.3.7}{\376\377\000D\000M\000L\146\364\145\260\000h\000b\000b\145\160\143\156}{section.3}% 26
\BOOKMARK [2][-]{subsection.3.8}{\376\377\000D\000M\000L\122\040\226\144\000C\000k\000b\145\160\143\156}{section.3}% 27
\BOOKMARK [2][-]{subsection.3.9}{\376\377\217\330\123\237\145\160\143\156\136\223}{section.3}% 28
\BOOKMARK [2][-]{subsection.3.10}{\376\377\122\033\136\372\165\050\142\067}{section.3}% 29
\BOOKMARK [1][-]{section.4}{\376\377\133\236\232\214\140\073\176\323}{}% 30
